<?xml version="1.0" encoding="UTF-8"?>
<testng-results skipped="0" failed="3" ignored="1" total="15" passed="11">
  <reporter-output>
  </reporter-output>
  <suite name="All Test Suite" duration-ms="50570" started-at="2021-07-01T20:05:42 IST" finished-at="2021-07-01T20:06:33 IST">
    <groups>
      <group name="exclude">
        <method signature="Test1.method2()[pri:0, instance:tests.Test1@e320068]" name="method2" class="tests.Test1"/>
        <method signature="Test1.method2()[pri:0, instance:tests.Test1@6ee52dcd]" name="method2" class="tests.Test1"/>
      </group> <!-- exclude -->
    </groups>
    <test name="ChromeTest" duration-ms="10825" started-at="2021-07-01T20:05:42 IST" finished-at="2021-07-01T20:05:53 IST">
      <class name="tests.Test1">
        <test-method status="PASS" signature="startReporter()[pri:0, instance:tests.Test1@614ddd49]" name="startReporter" is-config="true" duration-ms="96" started-at="2021-07-01T20:05:42 IST" finished-at="2021-07-01T20:05:42 IST">
          <reporter-output>
          </reporter-output>
        </test-method> <!-- startReporter -->
        <test-method status="PASS" signature="startBrowser(java.lang.String)[pri:0, instance:tests.Test1@614ddd49]" name="startBrowser" is-config="true" duration-ms="7642" started-at="2021-07-01T20:05:42 IST" finished-at="2021-07-01T20:05:50 IST">
          <params>
            <param index="0">
              <value>
                <![CDATA[Chrome]]>
              </value>
            </param>
          </params>
          <reporter-output>
          </reporter-output>
        </test-method> <!-- startBrowser -->
        <test-method status="PASS" signature="startBrowser(java.lang.String)[pri:0, instance:tests.Test1@614ddd49]" name="startBrowser" is-config="true" duration-ms="6555" started-at="2021-07-01T20:05:42 IST" finished-at="2021-07-01T20:05:49 IST">
          <params>
            <param index="0">
              <value>
                <![CDATA[Chrome]]>
              </value>
            </param>
          </params>
          <reporter-output>
          </reporter-output>
        </test-method> <!-- startBrowser -->
        <test-method status="PASS" signature="startBrowser(java.lang.String)[pri:0, instance:tests.Test1@614ddd49]" name="startBrowser" is-config="true" duration-ms="8089" started-at="2021-07-01T20:05:42 IST" finished-at="2021-07-01T20:05:51 IST">
          <params>
            <param index="0">
              <value>
                <![CDATA[Chrome]]>
              </value>
            </param>
          </params>
          <reporter-output>
          </reporter-output>
        </test-method> <!-- startBrowser -->
        <test-method status="PASS" signature="startBrowser(java.lang.String)[pri:0, instance:tests.Test1@614ddd49]" name="startBrowser" is-config="true" duration-ms="6426" started-at="2021-07-01T20:05:42 IST" finished-at="2021-07-01T20:05:49 IST">
          <params>
            <param index="0">
              <value>
                <![CDATA[Chrome]]>
              </value>
            </param>
          </params>
          <reporter-output>
          </reporter-output>
        </test-method> <!-- startBrowser -->
        <test-method status="FAIL" signature="method1()[pri:0, instance:tests.Test1@614ddd49]" name="method1" duration-ms="558" started-at="2021-07-01T20:05:49 IST" finished-at="2021-07-01T20:05:49 IST">
          <exception class="java.lang.AssertionError">
            <message>
              <![CDATA[failing... ]]>
            </message>
            <full-stacktrace>
              <![CDATA[java.lang.AssertionError: failing... 
at org.testng.Assert.fail(Assert.java:99)
at tests.Test1.method1(Test1.java:21)
at sun.reflect.NativeMethodAccessorImpl.invoke0(Native Method)
at sun.reflect.NativeMethodAccessorImpl.invoke(NativeMethodAccessorImpl.java:62)
at sun.reflect.DelegatingMethodAccessorImpl.invoke(DelegatingMethodAccessorImpl.java:43)
at java.lang.reflect.Method.invoke(Method.java:498)
at org.testng.internal.MethodInvocationHelper.invokeMethod(MethodInvocationHelper.java:133)
at org.testng.internal.TestInvoker.invokeMethod(TestInvoker.java:598)
at org.testng.internal.TestInvoker.invokeTestMethod(TestInvoker.java:173)
at org.testng.internal.MethodRunner.runInSequence(MethodRunner.java:46)
at org.testng.internal.TestInvoker$MethodInvocationAgent.invoke(TestInvoker.java:824)
at org.testng.internal.TestInvoker.invokeTestMethods(TestInvoker.java:146)
at org.testng.internal.TestMethodWorker.invokeTestMethods(TestMethodWorker.java:146)
at org.testng.internal.TestMethodWorker.run(TestMethodWorker.java:128)
at java.util.concurrent.ThreadPoolExecutor.runWorker(ThreadPoolExecutor.java:1149)
at java.util.concurrent.ThreadPoolExecutor$Worker.run(ThreadPoolExecutor.java:624)
at java.lang.Thread.run(Thread.java:748)
]]>
            </full-stacktrace>
          </exception> <!-- java.lang.AssertionError -->
          <reporter-output>
          </reporter-output>
        </test-method> <!-- method1 -->
        <test-method status="PASS" signature="method5()[pri:0, instance:tests.Test1@614ddd49]" name="method5" duration-ms="710" started-at="2021-07-01T20:05:49 IST" finished-at="2021-07-01T20:05:50 IST">
          <reporter-output>
          </reporter-output>
        </test-method> <!-- method5 -->
        <test-method status="PASS" signature="tearDown()[pri:0, instance:tests.Test1@614ddd49]" name="tearDown" is-config="true" duration-ms="2872" started-at="2021-07-01T20:05:49 IST" finished-at="2021-07-01T20:05:52 IST">
          <reporter-output>
          </reporter-output>
        </test-method> <!-- tearDown -->
        <test-method status="PASS" signature="tearDown()[pri:0, instance:tests.Test1@614ddd49]" name="tearDown" is-config="true" duration-ms="2650" started-at="2021-07-01T20:05:50 IST" finished-at="2021-07-01T20:05:52 IST">
          <reporter-output>
          </reporter-output>
        </test-method> <!-- tearDown -->
        <test-method status="PASS" signature="method3()[pri:0, instance:tests.Test1@614ddd49]" name="method3" duration-ms="450" started-at="2021-07-01T20:05:50 IST" finished-at="2021-07-01T20:05:51 IST">
          <reporter-output>
          </reporter-output>
        </test-method> <!-- method3 -->
        <test-method status="PASS" signature="method4()[pri:0, instance:tests.Test1@614ddd49]" name="method4" duration-ms="369" started-at="2021-07-01T20:05:51 IST" finished-at="2021-07-01T20:05:51 IST">
          <reporter-output>
          </reporter-output>
        </test-method> <!-- method4 -->
        <test-method status="PASS" signature="tearDown()[pri:0, instance:tests.Test1@614ddd49]" name="tearDown" is-config="true" duration-ms="1825" started-at="2021-07-01T20:05:51 IST" finished-at="2021-07-01T20:05:52 IST">
          <reporter-output>
          </reporter-output>
        </test-method> <!-- tearDown -->
        <test-method status="PASS" signature="tearDown()[pri:0, instance:tests.Test1@614ddd49]" name="tearDown" is-config="true" duration-ms="1437" started-at="2021-07-01T20:05:51 IST" finished-at="2021-07-01T20:05:52 IST">
          <reporter-output>
          </reporter-output>
        </test-method> <!-- tearDown -->
        <test-method status="PASS" signature="endReporter()[pri:0, instance:tests.Test1@614ddd49]" name="endReporter" is-config="true" duration-ms="779" started-at="2021-07-01T20:05:52 IST" finished-at="2021-07-01T20:05:53 IST">
          <reporter-output>
          </reporter-output>
        </test-method> <!-- endReporter -->
      </class> <!-- tests.Test1 -->
    </test> <!-- ChromeTest -->
    <test name="FirefoxTest" duration-ms="23875" started-at="2021-07-01T20:05:53 IST" finished-at="2021-07-01T20:06:17 IST">
      <class name="tests.Test1">
        <test-method status="PASS" signature="startReporter()[pri:0, instance:tests.Test1@e320068]" name="startReporter" is-config="true" duration-ms="3" started-at="2021-07-01T20:05:53 IST" finished-at="2021-07-01T20:05:53 IST">
          <reporter-output>
          </reporter-output>
        </test-method> <!-- startReporter -->
        <test-method status="PASS" signature="startBrowser(java.lang.String)[pri:0, instance:tests.Test1@e320068]" name="startBrowser" is-config="true" duration-ms="17331" started-at="2021-07-01T20:05:53 IST" finished-at="2021-07-01T20:06:11 IST">
          <params>
            <param index="0">
              <value>
                <![CDATA[Firefox]]>
              </value>
            </param>
          </params>
          <reporter-output>
          </reporter-output>
        </test-method> <!-- startBrowser -->
        <test-method status="PASS" signature="startBrowser(java.lang.String)[pri:0, instance:tests.Test1@e320068]" name="startBrowser" is-config="true" duration-ms="17165" started-at="2021-07-01T20:05:53 IST" finished-at="2021-07-01T20:06:10 IST">
          <params>
            <param index="0">
              <value>
                <![CDATA[Firefox]]>
              </value>
            </param>
          </params>
          <reporter-output>
          </reporter-output>
        </test-method> <!-- startBrowser -->
        <test-method status="PASS" signature="startBrowser(java.lang.String)[pri:0, instance:tests.Test1@e320068]" name="startBrowser" is-config="true" duration-ms="17470" started-at="2021-07-01T20:05:53 IST" finished-at="2021-07-01T20:06:11 IST">
          <params>
            <param index="0">
              <value>
                <![CDATA[Firefox]]>
              </value>
            </param>
          </params>
          <reporter-output>
          </reporter-output>
        </test-method> <!-- startBrowser -->
        <test-method status="PASS" signature="startBrowser(java.lang.String)[pri:0, instance:tests.Test1@e320068]" name="startBrowser" is-config="true" duration-ms="18633" started-at="2021-07-01T20:05:53 IST" finished-at="2021-07-01T20:06:12 IST">
          <params>
            <param index="0">
              <value>
                <![CDATA[Firefox]]>
              </value>
            </param>
          </params>
          <reporter-output>
          </reporter-output>
        </test-method> <!-- startBrowser -->
        <test-method status="PASS" signature="startBrowser(java.lang.String)[pri:0, instance:tests.Test1@e320068]" name="startBrowser" is-config="true" duration-ms="17160" started-at="2021-07-01T20:05:53 IST" finished-at="2021-07-01T20:06:10 IST">
          <params>
            <param index="0">
              <value>
                <![CDATA[Firefox]]>
              </value>
            </param>
          </params>
          <reporter-output>
          </reporter-output>
        </test-method> <!-- startBrowser -->
        <test-method status="PASS" signature="method5()[pri:0, instance:tests.Test1@e320068]" name="method5" duration-ms="1377" started-at="2021-07-01T20:06:10 IST" finished-at="2021-07-01T20:06:12 IST">
          <reporter-output>
          </reporter-output>
        </test-method> <!-- method5 -->
        <test-method status="PASS" signature="method3()[pri:0, instance:tests.Test1@e320068]" name="method3" duration-ms="1464" started-at="2021-07-01T20:06:10 IST" finished-at="2021-07-01T20:06:12 IST">
          <reporter-output>
          </reporter-output>
        </test-method> <!-- method3 -->
        <test-method status="FAIL" signature="method1()[pri:0, instance:tests.Test1@e320068]" name="method1" duration-ms="2057" started-at="2021-07-01T20:06:11 IST" finished-at="2021-07-01T20:06:13 IST">
          <exception class="java.lang.AssertionError">
            <message>
              <![CDATA[failing... ]]>
            </message>
            <full-stacktrace>
              <![CDATA[java.lang.AssertionError: failing... 
at org.testng.Assert.fail(Assert.java:99)
at tests.Test1.method1(Test1.java:21)
at sun.reflect.NativeMethodAccessorImpl.invoke0(Native Method)
at sun.reflect.NativeMethodAccessorImpl.invoke(NativeMethodAccessorImpl.java:62)
at sun.reflect.DelegatingMethodAccessorImpl.invoke(DelegatingMethodAccessorImpl.java:43)
at java.lang.reflect.Method.invoke(Method.java:498)
at org.testng.internal.MethodInvocationHelper.invokeMethod(MethodInvocationHelper.java:133)
at org.testng.internal.TestInvoker.invokeMethod(TestInvoker.java:598)
at org.testng.internal.TestInvoker.invokeTestMethod(TestInvoker.java:173)
at org.testng.internal.MethodRunner.runInSequence(MethodRunner.java:46)
at org.testng.internal.TestInvoker$MethodInvocationAgent.invoke(TestInvoker.java:824)
at org.testng.internal.TestInvoker.invokeTestMethods(TestInvoker.java:146)
at org.testng.internal.TestMethodWorker.invokeTestMethods(TestMethodWorker.java:146)
at org.testng.internal.TestMethodWorker.run(TestMethodWorker.java:128)
at java.util.concurrent.ThreadPoolExecutor.runWorker(ThreadPoolExecutor.java:1149)
at java.util.concurrent.ThreadPoolExecutor$Worker.run(ThreadPoolExecutor.java:624)
at java.lang.Thread.run(Thread.java:748)
]]>
            </full-stacktrace>
          </exception> <!-- java.lang.AssertionError -->
          <reporter-output>
          </reporter-output>
        </test-method> <!-- method1 -->
        <test-method status="PASS" signature="method2()[pri:0, instance:tests.Test1@e320068]" name="method2" duration-ms="959" started-at="2021-07-01T20:06:11 IST" finished-at="2021-07-01T20:06:12 IST">
          <reporter-output>
          </reporter-output>
        </test-method> <!-- method2 -->
        <test-method status="PASS" signature="tearDown()[pri:0, instance:tests.Test1@e320068]" name="tearDown" is-config="true" duration-ms="5133" started-at="2021-07-01T20:06:12 IST" finished-at="2021-07-01T20:06:17 IST">
          <reporter-output>
          </reporter-output>
        </test-method> <!-- tearDown -->
        <test-method status="PASS" signature="tearDown()[pri:0, instance:tests.Test1@e320068]" name="tearDown" is-config="true" duration-ms="5227" started-at="2021-07-01T20:06:12 IST" finished-at="2021-07-01T20:06:17 IST">
          <reporter-output>
          </reporter-output>
        </test-method> <!-- tearDown -->
        <test-method status="PASS" signature="tearDown()[pri:0, instance:tests.Test1@e320068]" name="tearDown" is-config="true" duration-ms="4863" started-at="2021-07-01T20:06:12 IST" finished-at="2021-07-01T20:06:17 IST">
          <reporter-output>
          </reporter-output>
        </test-method> <!-- tearDown -->
        <test-method status="PASS" signature="method4()[pri:0, instance:tests.Test1@e320068]" name="method4" duration-ms="913" started-at="2021-07-01T20:06:12 IST" finished-at="2021-07-01T20:06:13 IST">
          <reporter-output>
          </reporter-output>
        </test-method> <!-- method4 -->
        <test-method status="PASS" signature="tearDown()[pri:0, instance:tests.Test1@e320068]" name="tearDown" is-config="true" duration-ms="4086" started-at="2021-07-01T20:06:13 IST" finished-at="2021-07-01T20:06:17 IST">
          <reporter-output>
          </reporter-output>
        </test-method> <!-- tearDown -->
        <test-method status="PASS" signature="tearDown()[pri:0, instance:tests.Test1@e320068]" name="tearDown" is-config="true" duration-ms="4202" started-at="2021-07-01T20:06:13 IST" finished-at="2021-07-01T20:06:17 IST">
          <reporter-output>
          </reporter-output>
        </test-method> <!-- tearDown -->
        <test-method status="PASS" signature="endReporter()[pri:0, instance:tests.Test1@e320068]" name="endReporter" is-config="true" duration-ms="85" started-at="2021-07-01T20:06:17 IST" finished-at="2021-07-01T20:06:17 IST">
          <reporter-output>
          </reporter-output>
        </test-method> <!-- endReporter -->
      </class> <!-- tests.Test1 -->
    </test> <!-- FirefoxTest -->
    <test name="EdgeTest" duration-ms="15828" started-at="2021-07-01T20:06:17 IST" finished-at="2021-07-01T20:06:33 IST">
      <class name="tests.Test1">
        <test-method status="PASS" signature="setUpTestBed()[pri:0, instance:tests.Test1@6ee52dcd]" name="setUpTestBed" is-config="true" duration-ms="9" started-at="2021-07-01T20:05:42 IST" finished-at="2021-07-01T20:05:42 IST">
          <reporter-output>
          </reporter-output>
        </test-method> <!-- setUpTestBed -->
        <test-method status="PASS" signature="startReporter()[pri:0, instance:tests.Test1@6ee52dcd]" name="startReporter" is-config="true" duration-ms="3" started-at="2021-07-01T20:06:17 IST" finished-at="2021-07-01T20:06:17 IST">
          <reporter-output>
          </reporter-output>
        </test-method> <!-- startReporter -->
        <test-method status="PASS" signature="startBrowser(java.lang.String)[pri:0, instance:tests.Test1@6ee52dcd]" name="startBrowser" is-config="true" duration-ms="10428" started-at="2021-07-01T20:06:17 IST" finished-at="2021-07-01T20:06:27 IST">
          <params>
            <param index="0">
              <value>
                <![CDATA[edge]]>
              </value>
            </param>
          </params>
          <reporter-output>
          </reporter-output>
        </test-method> <!-- startBrowser -->
        <test-method status="PASS" signature="startBrowser(java.lang.String)[pri:0, instance:tests.Test1@6ee52dcd]" name="startBrowser" is-config="true" duration-ms="10864" started-at="2021-07-01T20:06:17 IST" finished-at="2021-07-01T20:06:28 IST">
          <params>
            <param index="0">
              <value>
                <![CDATA[edge]]>
              </value>
            </param>
          </params>
          <reporter-output>
          </reporter-output>
        </test-method> <!-- startBrowser -->
        <test-method status="PASS" signature="startBrowser(java.lang.String)[pri:0, instance:tests.Test1@6ee52dcd]" name="startBrowser" is-config="true" duration-ms="10489" started-at="2021-07-01T20:06:17 IST" finished-at="2021-07-01T20:06:28 IST">
          <params>
            <param index="0">
              <value>
                <![CDATA[edge]]>
              </value>
            </param>
          </params>
          <reporter-output>
          </reporter-output>
        </test-method> <!-- startBrowser -->
        <test-method status="PASS" signature="startBrowser(java.lang.String)[pri:0, instance:tests.Test1@6ee52dcd]" name="startBrowser" is-config="true" duration-ms="13638" started-at="2021-07-01T20:06:17 IST" finished-at="2021-07-01T20:06:31 IST">
          <params>
            <param index="0">
              <value>
                <![CDATA[edge]]>
              </value>
            </param>
          </params>
          <reporter-output>
          </reporter-output>
        </test-method> <!-- startBrowser -->
        <test-method status="PASS" signature="startBrowser(java.lang.String)[pri:0, instance:tests.Test1@6ee52dcd]" name="startBrowser" is-config="true" duration-ms="10247" started-at="2021-07-01T20:06:17 IST" finished-at="2021-07-01T20:06:27 IST">
          <params>
            <param index="0">
              <value>
                <![CDATA[edge]]>
              </value>
            </param>
          </params>
          <reporter-output>
          </reporter-output>
        </test-method> <!-- startBrowser -->
        <test-method status="PASS" signature="method4()[pri:0, instance:tests.Test1@6ee52dcd]" name="method4" duration-ms="927" started-at="2021-07-01T20:06:27 IST" finished-at="2021-07-01T20:06:28 IST">
          <reporter-output>
          </reporter-output>
        </test-method> <!-- method4 -->
        <test-method status="FAIL" signature="method1()[pri:0, instance:tests.Test1@6ee52dcd]" name="method1" duration-ms="1069" started-at="2021-07-01T20:06:27 IST" finished-at="2021-07-01T20:06:29 IST">
          <exception class="java.lang.AssertionError">
            <message>
              <![CDATA[failing... ]]>
            </message>
            <full-stacktrace>
              <![CDATA[java.lang.AssertionError: failing... 
at org.testng.Assert.fail(Assert.java:99)
at tests.Test1.method1(Test1.java:21)
at sun.reflect.NativeMethodAccessorImpl.invoke0(Native Method)
at sun.reflect.NativeMethodAccessorImpl.invoke(NativeMethodAccessorImpl.java:62)
at sun.reflect.DelegatingMethodAccessorImpl.invoke(DelegatingMethodAccessorImpl.java:43)
at java.lang.reflect.Method.invoke(Method.java:498)
at org.testng.internal.MethodInvocationHelper.invokeMethod(MethodInvocationHelper.java:133)
at org.testng.internal.TestInvoker.invokeMethod(TestInvoker.java:598)
at org.testng.internal.TestInvoker.invokeTestMethod(TestInvoker.java:173)
at org.testng.internal.MethodRunner.runInSequence(MethodRunner.java:46)
at org.testng.internal.TestInvoker$MethodInvocationAgent.invoke(TestInvoker.java:824)
at org.testng.internal.TestInvoker.invokeTestMethods(TestInvoker.java:146)
at org.testng.internal.TestMethodWorker.invokeTestMethods(TestMethodWorker.java:146)
at org.testng.internal.TestMethodWorker.run(TestMethodWorker.java:128)
at java.util.concurrent.ThreadPoolExecutor.runWorker(ThreadPoolExecutor.java:1149)
at java.util.concurrent.ThreadPoolExecutor$Worker.run(ThreadPoolExecutor.java:624)
at java.lang.Thread.run(Thread.java:748)
]]>
            </full-stacktrace>
          </exception> <!-- java.lang.AssertionError -->
          <reporter-output>
          </reporter-output>
        </test-method> <!-- method1 -->
        <test-method status="PASS" signature="method5()[pri:0, instance:tests.Test1@6ee52dcd]" name="method5" duration-ms="1330" started-at="2021-07-01T20:06:28 IST" finished-at="2021-07-01T20:06:29 IST">
          <reporter-output>
          </reporter-output>
        </test-method> <!-- method5 -->
        <test-method status="PASS" signature="method3()[pri:0, instance:tests.Test1@6ee52dcd]" name="method3" duration-ms="1246" started-at="2021-07-01T20:06:28 IST" finished-at="2021-07-01T20:06:29 IST">
          <reporter-output>
          </reporter-output>
        </test-method> <!-- method3 -->
        <test-method status="PASS" signature="tearDown()[pri:0, instance:tests.Test1@6ee52dcd]" name="tearDown" is-config="true" duration-ms="4509" started-at="2021-07-01T20:06:28 IST" finished-at="2021-07-01T20:06:33 IST">
          <reporter-output>
          </reporter-output>
        </test-method> <!-- tearDown -->
        <test-method status="PASS" signature="tearDown()[pri:0, instance:tests.Test1@6ee52dcd]" name="tearDown" is-config="true" duration-ms="3738" started-at="2021-07-01T20:06:29 IST" finished-at="2021-07-01T20:06:32 IST">
          <reporter-output>
          </reporter-output>
        </test-method> <!-- tearDown -->
        <test-method status="PASS" signature="tearDown()[pri:0, instance:tests.Test1@6ee52dcd]" name="tearDown" is-config="true" duration-ms="2721" started-at="2021-07-01T20:06:29 IST" finished-at="2021-07-01T20:06:32 IST">
          <reporter-output>
          </reporter-output>
        </test-method> <!-- tearDown -->
        <test-method status="PASS" signature="tearDown()[pri:0, instance:tests.Test1@6ee52dcd]" name="tearDown" is-config="true" duration-ms="2264" started-at="2021-07-01T20:06:29 IST" finished-at="2021-07-01T20:06:31 IST">
          <reporter-output>
          </reporter-output>
        </test-method> <!-- tearDown -->
        <test-method status="PASS" signature="method2()[pri:0, instance:tests.Test1@6ee52dcd]" name="method2" duration-ms="284" started-at="2021-07-01T20:06:31 IST" finished-at="2021-07-01T20:06:31 IST">
          <reporter-output>
          </reporter-output>
        </test-method> <!-- method2 -->
        <test-method status="PASS" signature="tearDown()[pri:0, instance:tests.Test1@6ee52dcd]" name="tearDown" is-config="true" duration-ms="1788" started-at="2021-07-01T20:06:31 IST" finished-at="2021-07-01T20:06:33 IST">
          <reporter-output>
          </reporter-output>
        </test-method> <!-- tearDown -->
        <test-method status="PASS" signature="endReporter()[pri:0, instance:tests.Test1@6ee52dcd]" name="endReporter" is-config="true" duration-ms="96" started-at="2021-07-01T20:06:33 IST" finished-at="2021-07-01T20:06:33 IST">
          <reporter-output>
          </reporter-output>
        </test-method> <!-- endReporter -->
      </class> <!-- tests.Test1 -->
    </test> <!-- EdgeTest -->
  </suite> <!-- All Test Suite -->
</testng-results>
